<?xml version="1.0" encoding="UTF-8"?>
<!-- Generated by org.testng.reporters.JUnitXMLReporter -->
<testsuite hostname="50HW002835" ignored="0" name="Default test" tests="5" failures="0" timestamp="21 ago 2018 00:28:41 GMT" time="2.257" errors="0">
  <testcase name="testJsonPayloadDeleteValidation" time="1.212" classname="com.consol.citrus.samples.todolist.TodoListIT"/>
  <testcase name="testJsonPayloadGetValidation" time="0.33" classname="com.consol.citrus.samples.todolist.TodoListIT"/>
  <testcase name="testJsonPayloadPatchValidation" time="0.261" classname="com.consol.citrus.samples.todolist.TodoListIT"/>
  <testcase name="testJsonPayloadPostValidation" time="0.265" classname="com.consol.citrus.samples.todolist.TodoListIT"/>
  <testcase name="testJsonPayloadPutValidation" time="0.142" classname="com.consol.citrus.samples.todolist.TodoListIT"/>
</testsuite> <!-- Default test -->
