<?xml version="1.0" encoding="UTF-8"?>
<!-- Generated by org.testng.reporters.JUnitXMLReporter -->
<testsuite hostname="50HW002835" ignored="0" name="Default test" tests="5" failures="0" timestamp="20 ago 2018 23:32:49 GMT" time="1.772" errors="0">
  <testcase name="testJsonPayloadDeleteValidation" time="1.116" classname="com.consol.citrus.samples.todolist.TodoListIT"/>
  <testcase name="testJsonPayloadGetValidation" time="0.156" classname="com.consol.citrus.samples.todolist.TodoListIT"/>
  <testcase name="testJsonPayloadPatchValidation" time="0.146" classname="com.consol.citrus.samples.todolist.TodoListIT"/>
  <testcase name="testJsonPayloadPostValidation" time="0.152" classname="com.consol.citrus.samples.todolist.TodoListIT"/>
  <testcase name="testJsonPayloadPutValidation" time="0.137" classname="com.consol.citrus.samples.todolist.TodoListIT"/>
</testsuite> <!-- Default test -->
